#
# There is insufficient memory for the Java Runtime Environment to continue.
# Native memory allocation (malloc) failed to allocate 2122256 bytes for Chunk::new
# Possible reasons:
#   The system is out of physical RAM or swap space
#   The process is running with CompressedOops enabled, and the Java Heap may be blocking the growth of the native heap
# Possible solutions:
#   Reduce memory load on the system
#   Increase physical memory or swap space
#   Check if swap backing store is full
#   Decrease Java heap size (-Xmx/-Xms)
#   Decrease number of Java threads
#   Decrease Java thread stack sizes (-Xss)
#   Set larger code cache with -XX:ReservedCodeCacheSize=
#   JVM is running with Unscaled Compressed Oops mode in which the Java heap is
#     placed in the first 4GB address space. The Java Heap base address is the
#     maximum limit for the native heap growth. Please use -XX:HeapBaseMinAddress
#     to set the Java Heap base and to place the Java Heap above 4GB virtual address.
# This output file may be truncated or incomplete.
#
#  Out of Memory Error (arena.cpp:189), pid=18320, tid=8680
#
# JRE version: OpenJDK Runtime Environment (17.0.6) (build 17.0.6+0-b2043.56-10027231)
# Java VM: OpenJDK 64-Bit Server VM (17.0.6+0-b2043.56-10027231, mixed mode, tiered, compressed oops, compressed class ptrs, g1 gc, windows-amd64)
# No core dump will be written. Minidumps are not enabled by default on client versions of Windows
#

---------------  S U M M A R Y ------------

Command Line: --add-opens=java.base/java.util=ALL-UNNAMED --add-opens=java.base/java.lang=ALL-UNNAMED --add-opens=java.base/java.lang.invoke=ALL-UNNAMED --add-opens=java.prefs/java.util.prefs=ALL-UNNAMED --add-opens=java.base/java.nio.charset=ALL-UNNAMED --add-opens=java.base/java.net=ALL-UNNAMED --add-opens=java.base/java.util.concurrent.atomic=ALL-UNNAMED -Xmx2048m -Dfile.encoding=UTF-8 -Duser.country=RU -Duser.language=ru -Duser.variant org.gradle.launcher.daemon.bootstrap.GradleDaemon 8.0

Host: AMD Ryzen 7 4800H with Radeon Graphics         , 16 cores, 15G,  Windows 11 , 64 bit Build 22621 (10.0.22621.2428)
Time: Tue Oct 24 21:53:53 2023  Windows 11 , 64 bit Build 22621 (10.0.22621.2428) elapsed time: 11.390755 seconds (0d 0h 0m 11s)

---------------  T H R E A D  ---------------

Current thread (0x0000029fac0a3b80):  JavaThread "C2 CompilerThread0" daemon [_thread_in_native, id=8680, stack(0x000000cd53800000,0x000000cd53900000)]


Current CompileTask:
C2:  11390 6175   !   4       org.jetbrains.kotlin.metadata.ProtoBuf$Function::<init> (1410 bytes)

Stack: [0x000000cd53800000,0x000000cd53900000]
Native frames: (J=compiled Java code, j=interpreted, Vv=VM code, C=native code)
V  [jvm.dll+0x683c9a]
V  [jvm.dll+0x8427a4]
V  [jvm.dll+0x843f9e]
V  [jvm.dll+0x844603]
V  [jvm.dll+0x249b75]
V  [jvm.dll+0xabcac]
V  [jvm.dll+0xac27c]
V  [jvm.dll+0x368802]
V  [jvm.dll+0x332f31]
V  [jvm.dll+0x3323da]
V  [jvm.dll+0x21c201]
V  [jvm.dll+0x21b621]
V  [jvm.dll+0x1a4fdd]
V  [jvm.dll+0x22b098]
V  [jvm.dll+0x229159]
V  [jvm.dll+0x7f81ec]
V  [jvm.dll+0x7f274a]
V  [jvm.dll+0x682ad5]
C  [ucrtbase.dll+0x29363]
C  [KERNEL32.DLL+0x1257d]
C  [ntdll.dll+0x5aa78]


---------------  P R O C E S S  ---------------

Threads class SMR info:
_java_thread_list=0x0000029fb18d1330, length=39, elements={
0x0000029f90a18110, 0x0000029fac04b060, 0x0000029fac04bed0, 0x0000029fac09d860,
0x0000029fac09f580, 0x0000029fac0a2440, 0x0000029fac0a2df0, 0x0000029fac0a3b80,
0x0000029fac0a5360, 0x0000029fac0c1fc0, 0x0000029fac21d910, 0x0000029fac2314d0,
0x0000029fac254090, 0x0000029fad0c87d0, 0x0000029fad7008c0, 0x0000029faf37ab00,
0x0000029faf0d97b0, 0x0000029fad215b20, 0x0000029faccf6cb0, 0x0000029faf303260,
0x0000029faca5fad0, 0x0000029faca64340, 0x0000029faea53e80, 0x0000029faca62160,
0x0000029faec12560, 0x0000029faec0fa10, 0x0000029faec103b0, 0x0000029faec12a30,
0x0000029faec0fee0, 0x0000029faec10880, 0x0000029faec11bc0, 0x0000029faec10d50,
0x0000029faec116f0, 0x0000029faec0f070, 0x0000029faec12090, 0x0000029faec0f540,
0x0000029faec11220, 0x0000029faefa1db0, 0x0000029faefa4430
}

Java Threads: ( => current thread )
  0x0000029f90a18110 JavaThread "main" [_thread_blocked, id=16964, stack(0x000000cd52b00000,0x000000cd52c00000)]
  0x0000029fac04b060 JavaThread "Reference Handler" daemon [_thread_blocked, id=29936, stack(0x000000cd53200000,0x000000cd53300000)]
  0x0000029fac04bed0 JavaThread "Finalizer" daemon [_thread_blocked, id=27072, stack(0x000000cd53300000,0x000000cd53400000)]
  0x0000029fac09d860 JavaThread "Signal Dispatcher" daemon [_thread_blocked, id=21248, stack(0x000000cd53400000,0x000000cd53500000)]
  0x0000029fac09f580 JavaThread "Attach Listener" daemon [_thread_blocked, id=30372, stack(0x000000cd53500000,0x000000cd53600000)]
  0x0000029fac0a2440 JavaThread "Service Thread" daemon [_thread_blocked, id=8816, stack(0x000000cd53600000,0x000000cd53700000)]
  0x0000029fac0a2df0 JavaThread "Monitor Deflation Thread" daemon [_thread_blocked, id=31020, stack(0x000000cd53700000,0x000000cd53800000)]
=>0x0000029fac0a3b80 JavaThread "C2 CompilerThread0" daemon [_thread_in_native, id=8680, stack(0x000000cd53800000,0x000000cd53900000)]
  0x0000029fac0a5360 JavaThread "C1 CompilerThread0" daemon [_thread_blocked, id=31416, stack(0x000000cd53900000,0x000000cd53a00000)]
  0x0000029fac0c1fc0 JavaThread "Sweeper thread" daemon [_thread_blocked, id=25976, stack(0x000000cd53a00000,0x000000cd53b00000)]
  0x0000029fac21d910 JavaThread "C1 CompilerThread1" daemon [_thread_blocked, id=18192, stack(0x000000cd53b00000,0x000000cd53c00000)]
  0x0000029fac2314d0 JavaThread "Common-Cleaner" daemon [_thread_blocked, id=30460, stack(0x000000cd53c00000,0x000000cd53d00000)]
  0x0000029fac254090 JavaThread "Notification Thread" daemon [_thread_blocked, id=26596, stack(0x000000cd53d00000,0x000000cd53e00000)]
  0x0000029fad0c87d0 JavaThread "C1 CompilerThread2" daemon [_thread_blocked, id=10736, stack(0x000000cd54100000,0x000000cd54200000)]
  0x0000029fad7008c0 JavaThread "C1 CompilerThread3" daemon [_thread_blocked, id=9684, stack(0x000000cd54000000,0x000000cd54100000)]
  0x0000029faf37ab00 JavaThread "Daemon health stats" [_thread_blocked, id=26836, stack(0x000000cd54600000,0x000000cd54700000)]
  0x0000029faf0d97b0 JavaThread "Incoming local TCP Connector on port 61095" [_thread_in_native, id=16296, stack(0x000000cd54700000,0x000000cd54800000)]
  0x0000029fad215b20 JavaThread "Daemon periodic checks" [_thread_blocked, id=30736, stack(0x000000cd54800000,0x000000cd54900000)]
  0x0000029faccf6cb0 JavaThread "Daemon" [_thread_blocked, id=5956, stack(0x000000cd54900000,0x000000cd54a00000)]
  0x0000029faf303260 JavaThread "Handler for socket connection from /127.0.0.1:61095 to /127.0.0.1:61096" [_thread_in_native, id=20720, stack(0x000000cd54a00000,0x000000cd54b00000)]
  0x0000029faca5fad0 JavaThread "Cancel handler" [_thread_blocked, id=10504, stack(0x000000cd54b00000,0x000000cd54c00000)]
  0x0000029faca64340 JavaThread "Daemon worker" [_thread_in_vm, id=24124, stack(0x000000cd54c00000,0x000000cd54d00000)]
  0x0000029faea53e80 JavaThread "Asynchronous log dispatcher for DefaultDaemonConnection: socket connection from /127.0.0.1:61095 to /127.0.0.1:61096" [_thread_blocked, id=30048, stack(0x000000cd54d00000,0x000000cd54e00000)]
  0x0000029faca62160 JavaThread "Stdin handler" [_thread_blocked, id=29136, stack(0x000000cd54e00000,0x000000cd54f00000)]
  0x0000029faec12560 JavaThread "Daemon client event forwarder" [_thread_blocked, id=23480, stack(0x000000cd54f00000,0x000000cd55000000)]
  0x0000029faec0fa10 JavaThread "Cache worker for journal cache (C:\Users\alina\.gradle\caches\journal-1)" [_thread_blocked, id=17384, stack(0x000000cd55a00000,0x000000cd55b00000)]
  0x0000029faec103b0 JavaThread "File lock request listener" [_thread_in_native, id=31456, stack(0x000000cd55b00000,0x000000cd55c00000)]
  0x0000029faec12a30 JavaThread "Cache worker for file hash cache (C:\Users\alina\.gradle\caches\8.0\fileHashes)" [_thread_blocked, id=19692, stack(0x000000cd55c00000,0x000000cd55d00000)]
  0x0000029faec0fee0 JavaThread "File watcher server" daemon [_thread_in_native, id=29572, stack(0x000000cd55d00000,0x000000cd55e00000)]
  0x0000029faec10880 JavaThread "File watcher consumer" daemon [_thread_blocked, id=2316, stack(0x000000cd55e00000,0x000000cd55f00000)]
  0x0000029faec11bc0 JavaThread "Cache worker for checksums cache (D:\University\MobileApp\Projects\MyApplication3\.gradle\8.0\checksums)" [_thread_blocked, id=25216, stack(0x000000cd55f00000,0x000000cd56000000)]
  0x0000029faec10d50 JavaThread "Cache worker for cache directory md-rule (C:\Users\alina\.gradle\caches\8.0\md-rule)" [_thread_blocked, id=3540, stack(0x000000cd56000000,0x000000cd56100000)]
  0x0000029faec116f0 JavaThread "Cache worker for file content cache (C:\Users\alina\.gradle\caches\8.0\fileContent)" [_thread_blocked, id=21100, stack(0x000000cd56100000,0x000000cd56200000)]
  0x0000029faec0f070 JavaThread "Cache worker for file hash cache (D:\University\MobileApp\Projects\MyApplication3\.gradle\8.0\fileHashes)" [_thread_blocked, id=12296, stack(0x000000cd56200000,0x000000cd56300000)]
  0x0000029faec12090 JavaThread "Cache worker for cache directory md-supplier (C:\Users\alina\.gradle\caches\8.0\md-supplier)" [_thread_blocked, id=9936, stack(0x000000cd56300000,0x000000cd56400000)]
  0x0000029faec0f540 JavaThread "Cache worker for execution history cache (C:\Users\alina\.gradle\caches\8.0\executionHistory)" [_thread_blocked, id=17880, stack(0x000000cd56400000,0x000000cd56500000)]
  0x0000029faec11220 JavaThread "jar transforms" [_thread_blocked, id=18836, stack(0x000000cd56500000,0x000000cd56600000)]
  0x0000029faefa1db0 JavaThread "jar transforms Thread 2" [_thread_blocked, id=24720, stack(0x000000cd56600000,0x000000cd56700000)]
  0x0000029faefa4430 JavaThread "Cache worker for kotlin-dsl (C:\Users\alina\.gradle\caches\8.0\kotlin-dsl)" [_thread_blocked, id=15464, stack(0x000000cd56700000,0x000000cd56800000)]

Other Threads:
  0x0000029fab3fc3a0 VMThread "VM Thread" [stack: 0x000000cd53100000,0x000000cd53200000] [id=16764]
  0x0000029f90aa06b0 WatcherThread [stack: 0x000000cd53e00000,0x000000cd53f00000] [id=17332]
  0x0000029f90a75f90 GCTaskThread "GC Thread#0" [stack: 0x000000cd52c00000,0x000000cd52d00000] [id=28028]
  0x0000029fad67f6c0 GCTaskThread "GC Thread#1" [stack: 0x000000cd54200000,0x000000cd54300000] [id=28400]
  0x0000029fae5f5700 GCTaskThread "GC Thread#2" [stack: 0x000000cd54300000,0x000000cd54400000] [id=10248]
  0x0000029fad8d2ca0 GCTaskThread "GC Thread#3" [stack: 0x000000cd54400000,0x000000cd54500000] [id=11060]
  0x0000029fad8d19d0 GCTaskThread "GC Thread#4" [stack: 0x000000cd54500000,0x000000cd54600000] [id=17544]
  0x0000029fad8d2740 GCTaskThread "GC Thread#5" [stack: 0x000000cd55000000,0x000000cd55100000] [id=18704]
  0x0000029fad8d1f30 GCTaskThread "GC Thread#6" [stack: 0x000000cd55100000,0x000000cd55200000] [id=2008]
  0x0000029fad8d2f50 GCTaskThread "GC Thread#7" [stack: 0x000000cd55200000,0x000000cd55300000] [id=14824]
  0x0000029fad8d1470 GCTaskThread "GC Thread#8" [stack: 0x000000cd55300000,0x000000cd55400000] [id=17288]
  0x0000029faefc8940 GCTaskThread "GC Thread#9" [stack: 0x000000cd55400000,0x000000cd55500000] [id=5800]
  0x0000029faefc8bf0 GCTaskThread "GC Thread#10" [stack: 0x000000cd55500000,0x000000cd55600000] [id=5240]
  0x0000029faefc9c10 GCTaskThread "GC Thread#11" [stack: 0x000000cd55600000,0x000000cd55700000] [id=29476]
  0x0000029faefc7bd0 GCTaskThread "GC Thread#12" [stack: 0x000000cd55700000,0x000000cd55800000] [id=25948]
  0x0000029f90a87670 ConcurrentGCThread "G1 Main Marker" [stack: 0x000000cd52d00000,0x000000cd52e00000] [id=18212]
  0x0000029f90a88080 ConcurrentGCThread "G1 Conc#0" [stack: 0x000000cd52e00000,0x000000cd52f00000] [id=22448]
  0x0000029faefc7670 ConcurrentGCThread "G1 Conc#1" [stack: 0x000000cd55800000,0x000000cd55900000] [id=30440]
  0x0000029faefc9400 ConcurrentGCThread "G1 Conc#2" [stack: 0x000000cd55900000,0x000000cd55a00000] [id=4016]
  0x0000029f90ade5e0 ConcurrentGCThread "G1 Refine#0" [stack: 0x000000cd52f00000,0x000000cd53000000] [id=11784]
  0x0000029fb190b330 ConcurrentGCThread "G1 Refine#1" [stack: 0x000000cd53f00000,0x000000cd54000000] [id=27364]
  0x0000029fb1909670 ConcurrentGCThread "G1 Refine#2" [stack: 0x000000cd56800000,0x000000cd56900000] [id=23784]
  0x0000029fb190aa90 ConcurrentGCThread "G1 Refine#3" [stack: 0x000000cd56900000,0x000000cd56a00000] [id=25936]
  0x0000029fb190a4d0 ConcurrentGCThread "G1 Refine#4" [stack: 0x000000cd56a00000,0x000000cd56b00000] [id=27068]
  0x0000029fb190ad70 ConcurrentGCThread "G1 Refine#5" [stack: 0x000000cd56b00000,0x000000cd56c00000] [id=11476]
  0x0000029fab2ac330 ConcurrentGCThread "G1 Service" [stack: 0x000000cd53000000,0x000000cd53100000] [id=28472]

Threads with active compile tasks:
C2 CompilerThread0    11417 6175   !   4       org.jetbrains.kotlin.metadata.ProtoBuf$Function::<init> (1410 bytes)

VM state: not at safepoint (normal execution)

VM Mutex/Monitor currently owned by a thread: None

Heap address: 0x0000000080000000, size: 2048 MB, Compressed Oops mode: 32-bit

CDS archive(s) not mapped
Compressed class space mapped at: 0x0000000100000000-0x0000000140000000, reserved size: 1073741824
Narrow klass base: 0x0000000000000000, Narrow klass shift: 3, Narrow klass range: 0x140000000

GC Precious Log:
 CPUs: 16 total, 16 available
 Memory: 15789M
 Large Page Support: Disabled
 NUMA Support: Disabled
 Compressed Oops: Enabled (32-bit)
 Heap Region Size: 1M
 Heap Min Capacity: 8M
 Heap Initial Capacity: 248M
 Heap Max Capacity: 2G
 Pre-touch: Disabled
 Parallel Workers: 13
 Concurrent Workers: 3
 Concurrent Refinement Workers: 13
 Periodic GC: Disabled

Heap:
 garbage-first heap   total 129024K, used 81989K [0x0000000080000000, 0x0000000100000000)
  region size 1024K, 18 young (18432K), 4 survivors (4096K)
 Metaspace       used 85049K, committed 85504K, reserved 1130496K
  class space    used 11083K, committed 11264K, reserved 1048576K

Heap Regions: E=young(eden), S=young(survivor), O=old, HS=humongous(starts), HC=humongous(continues), CS=collection set, F=free, OA=open archive, CA=closed archive, TAMS=top-at-mark-start (previous, next)
|   0|0x0000000080000000, 0x0000000080100000, 0x0000000080100000|100%|HS|  |TAMS 0x0000000080100000, 0x0000000080000000| Complete 
|   1|0x0000000080100000, 0x0000000080200000, 0x0000000080200000|100%|HC|  |TAMS 0x0000000080200000, 0x0000000080100000| Complete 
|   2|0x0000000080200000, 0x0000000080300000, 0x0000000080300000|100%|HC|  |TAMS 0x0000000080300000, 0x0000000080200000| Complete 
|   3|0x0000000080300000, 0x0000000080400000, 0x0000000080400000|100%|HC|  |TAMS 0x0000000080400000, 0x0000000080300000| Complete 
|   4|0x0000000080400000, 0x0000000080500000, 0x0000000080500000|100%| O|  |TAMS 0x0000000080500000, 0x0000000080400000| Untracked 
|   5|0x0000000080500000, 0x0000000080600000, 0x0000000080600000|100%| O|  |TAMS 0x0000000080600000, 0x0000000080500000| Untracked 
|   6|0x0000000080600000, 0x0000000080700000, 0x0000000080700000|100%| O|  |TAMS 0x0000000080700000, 0x0000000080600000| Untracked 
|   7|0x0000000080700000, 0x0000000080800000, 0x0000000080800000|100%| O|  |TAMS 0x0000000080800000, 0x0000000080700000| Untracked 
|   8|0x0000000080800000, 0x0000000080900000, 0x0000000080900000|100%| O|  |TAMS 0x0000000080900000, 0x0000000080800000| Untracked 
|   9|0x0000000080900000, 0x0000000080a00000, 0x0000000080a00000|100%| O|  |TAMS 0x0000000080a00000, 0x0000000080900000| Untracked 
|  10|0x0000000080a00000, 0x0000000080b00000, 0x0000000080b00000|100%| O|  |TAMS 0x0000000080b00000, 0x0000000080a00000| Untracked 
|  11|0x0000000080b00000, 0x0000000080b00000, 0x0000000080c00000|  0%| F|  |TAMS 0x0000000080b00000, 0x0000000080b00000| Untracked 
|  12|0x0000000080c00000, 0x0000000080d00000, 0x0000000080d00000|100%| O|  |TAMS 0x0000000080d00000, 0x0000000080c00000| Untracked 
|  13|0x0000000080d00000, 0x0000000080e00000, 0x0000000080e00000|100%| O|  |TAMS 0x0000000080e00000, 0x0000000080d00000| Untracked 
|  14|0x0000000080e00000, 0x0000000080f00000, 0x0000000080f00000|100%| O|  |TAMS 0x0000000080f00000, 0x0000000080e00000| Untracked 
|  15|0x0000000080f00000, 0x0000000081000000, 0x0000000081000000|100%| O|  |TAMS 0x0000000081000000, 0x0000000080f00000| Untracked 
|  16|0x0000000081000000, 0x0000000081100000, 0x0000000081100000|100%| O|  |TAMS 0x0000000081100000, 0x0000000081000000| Untracked 
|  17|0x0000000081100000, 0x0000000081200000, 0x0000000081200000|100%| O|  |TAMS 0x0000000081200000, 0x0000000081100000| Untracked 
|  18|0x0000000081200000, 0x0000000081300000, 0x0000000081300000|100%| O|  |TAMS 0x0000000081300000, 0x0000000081200000| Untracked 
|  19|0x0000000081300000, 0x0000000081400000, 0x0000000081400000|100%| O|  |TAMS 0x0000000081400000, 0x0000000081300000| Untracked 
|  20|0x0000000081400000, 0x0000000081500000, 0x0000000081500000|100%| O|  |TAMS 0x0000000081500000, 0x0000000081400000| Untracked 
|  21|0x0000000081500000, 0x0000000081600000, 0x0000000081600000|100%| O|  |TAMS 0x0000000081600000, 0x0000000081500000| Untracked 
|  22|0x0000000081600000, 0x0000000081700000, 0x0000000081700000|100%| O|  |TAMS 0x0000000081700000, 0x0000000081600000| Untracked 
|  23|0x0000000081700000, 0x0000000081800000, 0x0000000081800000|100%| O|  |TAMS 0x0000000081800000, 0x0000000081700000| Untracked 
|  24|0x0000000081800000, 0x0000000081900000, 0x0000000081900000|100%| O|  |TAMS 0x0000000081900000, 0x0000000081800000| Untracked 
|  25|0x0000000081900000, 0x0000000081a00000, 0x0000000081a00000|100%| O|  |TAMS 0x0000000081a00000, 0x0000000081900000| Untracked 
|  26|0x0000000081a00000, 0x0000000081b00000, 0x0000000081b00000|100%| O|  |TAMS 0x0000000081b00000, 0x0000000081a00000| Untracked 
|  27|0x0000000081b00000, 0x0000000081c00000, 0x0000000081c00000|100%| O|  |TAMS 0x0000000081c00000, 0x0000000081b00000| Untracked 
|  28|0x0000000081c00000, 0x0000000081d00000, 0x0000000081d00000|100%| O|  |TAMS 0x0000000081d00000, 0x0000000081c00000| Untracked 
|  29|0x0000000081d00000, 0x0000000081e00000, 0x0000000081e00000|100%| O|  |TAMS 0x0000000081e00000, 0x0000000081d00000| Untracked 
|  30|0x0000000081e00000, 0x0000000081f00000, 0x0000000081f00000|100%| O|  |TAMS 0x0000000081f00000, 0x0000000081e00000| Untracked 
|  31|0x0000000081f00000, 0x0000000082000000, 0x0000000082000000|100%| O|  |TAMS 0x0000000082000000, 0x0000000081f00000| Untracked 
|  32|0x0000000082000000, 0x0000000082100000, 0x0000000082100000|100%| O|  |TAMS 0x0000000082100000, 0x0000000082000000| Untracked 
|  33|0x0000000082100000, 0x0000000082200000, 0x0000000082200000|100%| O|  |TAMS 0x0000000082200000, 0x0000000082100000| Untracked 
|  34|0x0000000082200000, 0x0000000082300000, 0x0000000082300000|100%|HS|  |TAMS 0x0000000082300000, 0x0000000082200000| Complete 
|  35|0x0000000082300000, 0x0000000082400000, 0x0000000082400000|100%|HC|  |TAMS 0x0000000082400000, 0x0000000082300000| Complete 
|  36|0x0000000082400000, 0x0000000082500000, 0x0000000082500000|100%|HC|  |TAMS 0x0000000082500000, 0x0000000082400000| Complete 
|  37|0x0000000082500000, 0x0000000082600000, 0x0000000082600000|100%|HC|  |TAMS 0x0000000082600000, 0x0000000082500000| Complete 
|  38|0x0000000082600000, 0x0000000082700000, 0x0000000082700000|100%| O|  |TAMS 0x0000000082700000, 0x0000000082600000| Untracked 
|  39|0x0000000082700000, 0x0000000082800000, 0x0000000082800000|100%| O|  |TAMS 0x0000000082800000, 0x0000000082700000| Untracked 
|  40|0x0000000082800000, 0x0000000082900000, 0x0000000082900000|100%| O|  |TAMS 0x0000000082900000, 0x0000000082800000| Untracked 
|  41|0x0000000082900000, 0x0000000082a00000, 0x0000000082a00000|100%| O|  |TAMS 0x0000000082a00000, 0x0000000082900000| Untracked 
|  42|0x0000000082a00000, 0x0000000082b00000, 0x0000000082b00000|100%| O|  |TAMS 0x0000000082b00000, 0x0000000082a00000| Untracked 
|  43|0x0000000082b00000, 0x0000000082c00000, 0x0000000082c00000|100%| O|  |TAMS 0x0000000082c00000, 0x0000000082b00000| Untracked 
|  44|0x0000000082c00000, 0x0000000082d00000, 0x0000000082d00000|100%| O|  |TAMS 0x0000000082d00000, 0x0000000082c00000| Untracked 
|  45|0x0000000082d00000, 0x0000000082e00000, 0x0000000082e00000|100%| O|  |TAMS 0x0000000082e00000, 0x0000000082d00000| Untracked 
|  46|0x0000000082e00000, 0x0000000082f00000, 0x0000000082f00000|100%| O|  |TAMS 0x0000000082f00000, 0x0000000082e00000| Untracked 
|  47|0x0000000082f00000, 0x0000000083000000, 0x0000000083000000|100%| O|  |TAMS 0x0000000083000000, 0x0000000082f00000| Untracked 
|  48|0x0000000083000000, 0x0000000083100000, 0x0000000083100000|100%| O|  |TAMS 0x0000000083100000, 0x0000000083000000| Untracked 
|  49|0x0000000083100000, 0x0000000083200000, 0x0000000083200000|100%| O|  |TAMS 0x0000000083200000, 0x0000000083100000| Untracked 
|  50|0x0000000083200000, 0x0000000083300000, 0x0000000083300000|100%| O|  |TAMS 0x0000000083300000, 0x0000000083200000| Untracked 
|  51|0x0000000083300000, 0x0000000083400000, 0x0000000083400000|100%| O|  |TAMS 0x0000000083400000, 0x0000000083300000| Untracked 
|  52|0x0000000083400000, 0x0000000083500000, 0x0000000083500000|100%|HS|  |TAMS 0x0000000083500000, 0x0000000083400000| Complete 
|  53|0x0000000083500000, 0x0000000083600000, 0x0000000083600000|100%|HC|  |TAMS 0x0000000083600000, 0x0000000083500000| Complete 
|  54|0x0000000083600000, 0x0000000083700000, 0x0000000083700000|100%|HC|  |TAMS 0x0000000083700000, 0x0000000083600000| Complete 
|  55|0x0000000083700000, 0x0000000083800000, 0x0000000083800000|100%|HC|  |TAMS 0x0000000083800000, 0x0000000083700000| Complete 
|  56|0x0000000083800000, 0x0000000083900000, 0x0000000083900000|100%|HC|  |TAMS 0x0000000083900000, 0x0000000083800000| Complete 
|  57|0x0000000083900000, 0x0000000083a00000, 0x0000000083a00000|100%|HC|  |TAMS 0x0000000083a00000, 0x0000000083900000| Complete 
|  58|0x0000000083a00000, 0x0000000083b00000, 0x0000000083b00000|100%| O|  |TAMS 0x0000000083b00000, 0x0000000083a00000| Untracked 
|  59|0x0000000083b00000, 0x0000000083c00000, 0x0000000083c00000|100%| O|  |TAMS 0x0000000083c00000, 0x0000000083b00000| Untracked 
|  60|0x0000000083c00000, 0x0000000083d00000, 0x0000000083d00000|100%| O|  |TAMS 0x0000000083d00000, 0x0000000083c00000| Untracked 
|  61|0x0000000083d00000, 0x0000000083e00000, 0x0000000083e00000|100%| O|  |TAMS 0x0000000083e00000, 0x0000000083d00000| Untracked 
|  62|0x0000000083e00000, 0x0000000083f00000, 0x0000000083f00000|100%| O|  |TAMS 0x0000000083f00000, 0x0000000083e00000| Untracked 
|  63|0x0000000083f00000, 0x0000000084000000, 0x0000000084000000|100%| O|  |TAMS 0x0000000084000000, 0x0000000083f00000| Untracked 
|  64|0x0000000084000000, 0x00000000840f0200, 0x0000000084100000| 93%| O|  |TAMS 0x00000000840f0200, 0x0000000084000000| Untracked 
|  65|0x0000000084100000, 0x0000000084100000, 0x0000000084200000|  0%| F|  |TAMS 0x0000000084100000, 0x0000000084100000| Untracked 
|  66|0x0000000084200000, 0x0000000084200000, 0x0000000084300000|  0%| F|  |TAMS 0x0000000084200000, 0x0000000084200000| Untracked 
|  67|0x0000000084300000, 0x0000000084300000, 0x0000000084400000|  0%| F|  |TAMS 0x0000000084300000, 0x0000000084300000| Untracked 
|  68|0x0000000084400000, 0x0000000084400000, 0x0000000084500000|  0%| F|  |TAMS 0x0000000084400000, 0x0000000084400000| Untracked 
|  69|0x0000000084500000, 0x0000000084500000, 0x0000000084600000|  0%| F|  |TAMS 0x0000000084500000, 0x0000000084500000| Untracked 
|  70|0x0000000084600000, 0x0000000084600000, 0x0000000084700000|  0%| F|  |TAMS 0x0000000084600000, 0x0000000084600000| Untracked 
|  71|0x0000000084700000, 0x0000000084700000, 0x0000000084800000|  0%| F|  |TAMS 0x0000000084700000, 0x0000000084700000| Untracked 
|  72|0x0000000084800000, 0x0000000084800000, 0x0000000084900000|  0%| F|  |TAMS 0x0000000084800000, 0x0000000084800000| Untracked 
|  73|0x0000000084900000, 0x0000000084900000, 0x0000000084a00000|  0%| F|  |TAMS 0x0000000084900000, 0x0000000084900000| Untracked 
|  74|0x0000000084a00000, 0x0000000084a00000, 0x0000000084b00000|  0%| F|  |TAMS 0x0000000084a00000, 0x0000000084a00000| Untracked 
|  75|0x0000000084b00000, 0x0000000084b00000, 0x0000000084c00000|  0%| F|  |TAMS 0x0000000084b00000, 0x0000000084b00000| Untracked 
|  76|0x0000000084c00000, 0x0000000084c00000, 0x0000000084d00000|  0%| F|  |TAMS 0x0000000084c00000, 0x0000000084c00000| Untracked 
|  77|0x0000000084d00000, 0x0000000084d00000, 0x0000000084e00000|  0%| F|  |TAMS 0x0000000084d00000, 0x0000000084d00000| Untracked 
|  78|0x0000000084e00000, 0x0000000084e00000, 0x0000000084f00000|  0%| F|  |TAMS 0x0000000084e00000, 0x0000000084e00000| Untracked 
|  79|0x0000000084f00000, 0x0000000084f00000, 0x0000000085000000|  0%| F|  |TAMS 0x0000000084f00000, 0x0000000084f00000| Untracked 
|  80|0x0000000085000000, 0x0000000085000000, 0x0000000085100000|  0%| F|  |TAMS 0x0000000085000000, 0x0000000085000000| Untracked 
|  81|0x0000000085100000, 0x0000000085100000, 0x0000000085200000|  0%| F|  |TAMS 0x0000000085100000, 0x0000000085100000| Untracked 
|  82|0x0000000085200000, 0x0000000085200000, 0x0000000085300000|  0%| F|  |TAMS 0x0000000085200000, 0x0000000085200000| Untracked 
|  83|0x0000000085300000, 0x0000000085300000, 0x0000000085400000|  0%| F|  |TAMS 0x0000000085300000, 0x0000000085300000| Untracked 
|  84|0x0000000085400000, 0x00000000854215d0, 0x0000000085500000| 13%| S|CS|TAMS 0x0000000085400000, 0x0000000085400000| Complete 
|  85|0x0000000085500000, 0x0000000085600000, 0x0000000085600000|100%| S|CS|TAMS 0x0000000085500000, 0x0000000085500000| Complete 
|  86|0x0000000085600000, 0x0000000085700000, 0x0000000085700000|100%| S|CS|TAMS 0x0000000085600000, 0x0000000085600000| Complete 
|  87|0x0000000085700000, 0x0000000085800000, 0x0000000085800000|100%| S|CS|TAMS 0x0000000085700000, 0x0000000085700000| Complete 
|  88|0x0000000085800000, 0x0000000085800000, 0x0000000085900000|  0%| F|  |TAMS 0x0000000085800000, 0x0000000085800000| Untracked 
|  89|0x0000000085900000, 0x0000000085900000, 0x0000000085a00000|  0%| F|  |TAMS 0x0000000085900000, 0x0000000085900000| Untracked 
|  90|0x0000000085a00000, 0x0000000085a00000, 0x0000000085b00000|  0%| F|  |TAMS 0x0000000085a00000, 0x0000000085a00000| Untracked 
|  91|0x0000000085b00000, 0x0000000085b00000, 0x0000000085c00000|  0%| F|  |TAMS 0x0000000085b00000, 0x0000000085b00000| Untracked 
|  92|0x0000000085c00000, 0x0000000085c00000, 0x0000000085d00000|  0%| F|  |TAMS 0x0000000085c00000, 0x0000000085c00000| Untracked 
|  93|0x0000000085d00000, 0x0000000085d00000, 0x0000000085e00000|  0%| F|  |TAMS 0x0000000085d00000, 0x0000000085d00000| Untracked 
|  94|0x0000000085e00000, 0x0000000085e00000, 0x0000000085f00000|  0%| F|  |TAMS 0x0000000085e00000, 0x0000000085e00000| Untracked 
|  95|0x0000000085f00000, 0x0000000085f00000, 0x0000000086000000|  0%| F|  |TAMS 0x0000000085f00000, 0x0000000085f00000| Untracked 
|  96|0x0000000086000000, 0x0000000086000000, 0x0000000086100000|  0%| F|  |TAMS 0x0000000086000000, 0x0000000086000000| Untracked 
|  97|0x0000000086100000, 0x0000000086100000, 0x0000000086200000|  0%| F|  |TAMS 0x0000000086100000, 0x0000000086100000| Untracked 
|  98|0x0000000086200000, 0x0000000086200000, 0x0000000086300000|  0%| F|  |TAMS 0x0000000086200000, 0x0000000086200000| Untracked 
|  99|0x0000000086300000, 0x0000000086300000, 0x0000000086400000|  0%| F|  |TAMS 0x0000000086300000, 0x0000000086300000| Untracked 
| 100|0x0000000086400000, 0x0000000086400000, 0x0000000086500000|  0%| F|  |TAMS 0x0000000086400000, 0x0000000086400000| Untracked 
| 101|0x0000000086500000, 0x0000000086500000, 0x0000000086600000|  0%| F|  |TAMS 0x0000000086500000, 0x0000000086500000| Untracked 
| 102|0x0000000086600000, 0x0000000086600000, 0x0000000086700000|  0%| F|  |TAMS 0x0000000086600000, 0x0000000086600000| Untracked 
| 103|0x0000000086700000, 0x0000000086700000, 0x0000000086800000|  0%| F|  |TAMS 0x0000000086700000, 0x0000000086700000| Untracked 
| 104|0x0000000086800000, 0x0000000086800000, 0x0000000086900000|  0%| F|  |TAMS 0x0000000086800000, 0x0000000086800000| Untracked 
| 105|0x0000000086900000, 0x0000000086900000, 0x0000000086a00000|  0%| F|  |TAMS 0x0000000086900000, 0x0000000086900000| Untracked 
| 106|0x0000000086a00000, 0x0000000086a00000, 0x0000000086b00000|  0%| F|  |TAMS 0x0000000086a00000, 0x0000000086a00000| Untracked 
| 107|0x0000000086b00000, 0x0000000086b00000, 0x0000000086c00000|  0%| F|  |TAMS 0x0000000086b00000, 0x0000000086b00000| Untracked 
| 108|0x0000000086c00000, 0x0000000086c00000, 0x0000000086d00000|  0%| F|  |TAMS 0x0000000086c00000, 0x0000000086c00000| Untracked 
| 109|0x0000000086d00000, 0x0000000086d00000, 0x0000000086e00000|  0%| F|  |TAMS 0x0000000086d00000, 0x0000000086d00000| Untracked 
| 110|0x0000000086e00000, 0x0000000086e00000, 0x0000000086f00000|  0%| F|  |TAMS 0x0000000086e00000, 0x0000000086e00000| Untracked 
| 111|0x0000000086f00000, 0x0000000086f00000, 0x0000000087000000|  0%| F|  |TAMS 0x0000000086f00000, 0x0000000086f00000| Untracked 
| 112|0x0000000087000000, 0x0000000087100000, 0x0000000087100000|100%| E|  |TAMS 0x0000000087000000, 0x0000000087000000| Complete 
| 113|0x0000000087100000, 0x0000000087200000, 0x0000000087200000|100%| E|CS|TAMS 0x0000000087100000, 0x0000000087100000| Complete 
| 114|0x0000000087200000, 0x0000000087300000, 0x0000000087300000|100%| E|CS|TAMS 0x0000000087200000, 0x0000000087200000| Complete 
| 115|0x0000000087300000, 0x0000000087400000, 0x0000000087400000|100%| E|CS|TAMS 0x0000000087300000, 0x0000000087300000| Complete 
| 116|0x0000000087400000, 0x0000000087500000, 0x0000000087500000|100%| E|CS|TAMS 0x0000000087400000, 0x0000000087400000| Complete 
| 197|0x000000008c500000, 0x000000008c600000, 0x000000008c600000|100%| E|CS|TAMS 0x000000008c500000, 0x000000008c500000| Complete 
| 198|0x000000008c600000, 0x000000008c700000, 0x000000008c700000|100%| E|CS|TAMS 0x000000008c600000, 0x000000008c600000| Complete 
| 199|0x000000008c700000, 0x000000008c800000, 0x000000008c800000|100%| E|CS|TAMS 0x000000008c700000, 0x000000008c700000| Complete 
| 200|0x000000008c800000, 0x000000008c900000, 0x000000008c900000|100%| E|CS|TAMS 0x000000008c800000, 0x000000008c800000| Complete 
| 201|0x000000008c900000, 0x000000008ca00000, 0x000000008ca00000|100%| E|CS|TAMS 0x000000008c900000, 0x000000008c900000| Complete 
| 202|0x000000008ca00000, 0x000000008cb00000, 0x000000008cb00000|100%| E|CS|TAMS 0x000000008ca00000, 0x000000008ca00000| Complete 
| 203|0x000000008cb00000, 0x000000008cc00000, 0x000000008cc00000|100%| E|CS|TAMS 0x000000008cb00000, 0x000000008cb00000| Complete 
| 204|0x000000008cc00000, 0x000000008cd00000, 0x000000008cd00000|100%| E|CS|TAMS 0x000000008cc00000, 0x000000008cc00000| Complete 
| 247|0x000000008f700000, 0x000000008f800000, 0x000000008f800000|100%| E|CS|TAMS 0x000000008f700000, 0x000000008f700000| Complete 

Card table byte_map: [0x0000029fa3b70000,0x0000029fa3f70000] _byte_map_base: 0x0000029fa3770000

Marking Bits (Prev, Next): (CMBitMap*) 0x0000029f90a765a0, (CMBitMap*) 0x0000029f90a765e0
 Prev Bits: [0x0000029fa4370000, 0x0000029fa6370000)
 Next Bits: [0x0000029fa6370000, 0x0000029fa8370000)

Polling page: 0x0000029f8ea10000

Metaspace:

Usage:
  Non-class:     72.24 MB used.
      Class:     10.83 MB used.
       Both:     83.06 MB used.

Virtual space:
  Non-class space:       80.00 MB reserved,      72.50 MB ( 91%) committed,  10 nodes.
      Class space:        1.00 GB reserved,      11.00 MB (  1%) committed,  1 nodes.
             Both:        1.08 GB reserved,      83.50 MB (  8%) committed. 

Chunk freelists:
   Non-Class:  3.09 MB
       Class:  1.00 MB
        Both:  4.09 MB

MaxMetaspaceSize: unlimited
CompressedClassSpaceSize: 1.00 GB
Initial GC threshold: 21.00 MB
Current GC threshold: 138.56 MB
CDS: off
MetaspaceReclaimPolicy: balanced
 - commit_granule_bytes: 65536.
 - commit_granule_words: 8192.
 - virtual_space_node_default_size: 1048576.
 - enlarge_chunks_in_place: 1.
 - new_chunks_are_fully_committed: 0.
 - uncommit_free_chunks: 1.
 - use_allocation_guard: 0.
 - handle_deallocations: 1.


Internal statistics:

num_allocs_failed_limit: 6.
num_arena_births: 574.
num_arena_deaths: 0.
num_vsnodes_births: 11.
num_vsnodes_deaths: 0.
num_space_committed: 1334.
num_space_uncommitted: 0.
num_chunks_returned_to_freelist: 6.
num_chunks_taken_from_freelist: 3190.
num_chunk_merges: 3.
num_chunk_splits: 2463.
num_chunks_enlarged: 2060.
num_purges: 0.
num_inconsistent_stats: 0.

CodeHeap 'non-profiled nmethods': size=119168Kb used=2761Kb max_used=3117Kb free=116406Kb
 bounds [0x0000029f9ba80000, 0x0000029f9bd90000, 0x0000029fa2ee0000]
CodeHeap 'profiled nmethods': size=119104Kb used=12762Kb max_used=12762Kb free=106341Kb
 bounds [0x0000029f93ee0000, 0x0000029f94b60000, 0x0000029f9b330000]
CodeHeap 'non-nmethods': size=7488Kb used=4067Kb max_used=4102Kb free=3420Kb
 bounds [0x0000029f9b330000, 0x0000029f9b740000, 0x0000029f9ba80000]
 total_blobs=6834 nmethods=5920 adapters=823
 compilation: enabled
              stopped_count=0, restarted_count=0
 full_count=0

Compilation events (20 events):
Event: 11.376 Thread 0x0000029fad7008c0 nmethod 6816 0x0000029f94b4f710 code [0x0000029f94b4f940, 0x0000029f94b4fde8]
Event: 11.376 Thread 0x0000029fac0a5360 nmethod 6814 0x0000029f94b50110 code [0x0000029f94b50340, 0x0000029f94b50808]
Event: 11.376 Thread 0x0000029fad0c87d0 nmethod 6817 0x0000029f94b50b10 code [0x0000029f94b50d80, 0x0000029f94b512b8]
Event: 11.376 Thread 0x0000029fac21d910 nmethod 6815 0x0000029f94b51590 code [0x0000029f94b51880, 0x0000029f94b52188]
Event: 11.378 Thread 0x0000029fad0c87d0 6818       2       org.jetbrains.kotlin.resolve.scopes.LazyScopeAdapter::getWorkerScope (13 bytes)
Event: 11.378 Thread 0x0000029fad0c87d0 nmethod 6818 0x0000029f94b52790 code [0x0000029f94b52940, 0x0000029f94b52ac8]
Event: 11.379 Thread 0x0000029fad0c87d0 6819       2       org.jetbrains.kotlin.load.java.lazy.descriptors.JvmPackageScope::recordLookup (35 bytes)
Event: 11.380 Thread 0x0000029fac21d910 6821       2       org.jetbrains.kotlin.serialization.deserialization.descriptors.DeserializedMemberScope::getContributedVariables (24 bytes)
Event: 11.380 Thread 0x0000029fad7008c0 6820       2       org.jetbrains.kotlin.serialization.deserialization.descriptors.DeserializedMemberScope$OptimizedImplementation::getContributedVariables (48 bytes)
Event: 11.380 Thread 0x0000029fad0c87d0 nmethod 6819 0x0000029f94b52b90 code [0x0000029f94b52dc0, 0x0000029f94b53248]
Event: 11.380 Thread 0x0000029fac21d910 nmethod 6821 0x0000029f94b53590 code [0x0000029f94b537c0, 0x0000029f94b53c68]
Event: 11.380 Thread 0x0000029fad7008c0 nmethod 6820 0x0000029f94b53f90 code [0x0000029f94b54280, 0x0000029f94b54b88]
Event: 11.381 Thread 0x0000029fac21d910 6822       2       org.jetbrains.kotlin.load.java.lazy.descriptors.LazyJavaPackageScope::findClassifier (70 bytes)
Event: 11.381 Thread 0x0000029fac0a5360 6824       2       org.jetbrains.kotlin.resolve.scopes.AbstractScopeAdapter::getContributedClassifier (24 bytes)
Event: 11.381 Thread 0x0000029fad7008c0 6825       2       org.jetbrains.kotlin.resolve.scopes.ChainedMemberScope::getContributedClassifier (113 bytes)
Event: 11.381 Thread 0x0000029fac21d910 nmethod 6822 0x0000029f94b55190 code [0x0000029f94b553e0, 0x0000029f94b55a28]
Event: 11.382 Thread 0x0000029fac0a5360 nmethod 6824 0x0000029f94b55d10 code [0x0000029f94b55f40, 0x0000029f94b56438]
Event: 11.382 Thread 0x0000029fad7008c0 nmethod 6825 0x0000029f94b56790 code [0x0000029f94b569e0, 0x0000029f94b57058]
Event: 11.382 Thread 0x0000029fac0a5360 6826       1       org.jetbrains.kotlin.load.java.lazy.descriptors.LazyJavaClassMemberScope::getOwnerDescriptor (5 bytes)
Event: 11.382 Thread 0x0000029fac0a5360 nmethod 6826 0x0000029f9bad7c10 code [0x0000029f9bad7da0, 0x0000029f9bad7e78]

GC Heap History (20 events):
Event: 8.454 GC heap before
{Heap before GC invocations=22 (full 0):
 garbage-first heap   total 80896K, used 64164K [0x0000000080000000, 0x0000000100000000)
  region size 1024K, 17 young (17408K), 3 survivors (3072K)
 Metaspace       used 63861K, committed 64320K, reserved 1105920K
  class space    used 8725K, committed 8960K, reserved 1048576K
}
Event: 8.459 GC heap after
{Heap after GC invocations=23 (full 0):
 garbage-first heap   total 80896K, used 48963K [0x0000000080000000, 0x0000000100000000)
  region size 1024K, 3 young (3072K), 3 survivors (3072K)
 Metaspace       used 63861K, committed 64320K, reserved 1105920K
  class space    used 8725K, committed 8960K, reserved 1048576K
}
Event: 8.643 GC heap before
{Heap before GC invocations=24 (full 0):
 garbage-first heap   total 87040K, used 63299K [0x0000000080000000, 0x0000000100000000)
  region size 1024K, 17 young (17408K), 3 survivors (3072K)
 Metaspace       used 65035K, committed 65536K, reserved 1105920K
  class space    used 8880K, committed 9088K, reserved 1048576K
}
Event: 8.645 GC heap after
{Heap after GC invocations=25 (full 0):
 garbage-first heap   total 87040K, used 49829K [0x0000000080000000, 0x0000000100000000)
  region size 1024K, 1 young (1024K), 1 survivors (1024K)
 Metaspace       used 65035K, committed 65536K, reserved 1105920K
  class space    used 8880K, committed 9088K, reserved 1048576K
}
Event: 8.894 GC heap before
{Heap before GC invocations=25 (full 0):
 garbage-first heap   total 87040K, used 68261K [0x0000000080000000, 0x0000000100000000)
  region size 1024K, 19 young (19456K), 1 survivors (1024K)
 Metaspace       used 67876K, committed 68352K, reserved 1114112K
  class space    used 9188K, committed 9408K, reserved 1048576K
}
Event: 8.896 GC heap after
{Heap after GC invocations=26 (full 0):
 garbage-first heap   total 87040K, used 50924K [0x0000000080000000, 0x0000000100000000)
  region size 1024K, 2 young (2048K), 2 survivors (2048K)
 Metaspace       used 67876K, committed 68352K, reserved 1114112K
  class space    used 9188K, committed 9408K, reserved 1048576K
}
Event: 9.180 GC heap before
{Heap before GC invocations=27 (full 0):
 garbage-first heap   total 91136K, used 75500K [0x0000000080000000, 0x0000000100000000)
  region size 1024K, 20 young (20480K), 2 survivors (2048K)
 Metaspace       used 69938K, committed 70400K, reserved 1114112K
  class space    used 9411K, committed 9600K, reserved 1048576K
}
Event: 9.182 GC heap after
{Heap after GC invocations=28 (full 0):
 garbage-first heap   total 91136K, used 59096K [0x0000000080000000, 0x0000000100000000)
  region size 1024K, 3 young (3072K), 3 survivors (3072K)
 Metaspace       used 69938K, committed 70400K, reserved 1114112K
  class space    used 9411K, committed 9600K, reserved 1048576K
}
Event: 9.451 GC heap before
{Heap before GC invocations=28 (full 0):
 garbage-first heap   total 91136K, used 73432K [0x0000000080000000, 0x0000000100000000)
  region size 1024K, 18 young (18432K), 3 survivors (3072K)
 Metaspace       used 72063K, committed 72576K, reserved 1114112K
  class space    used 9597K, committed 9792K, reserved 1048576K
}
Event: 9.454 GC heap after
{Heap after GC invocations=29 (full 0):
 garbage-first heap   total 91136K, used 60676K [0x0000000080000000, 0x0000000100000000)
  region size 1024K, 2 young (2048K), 2 survivors (2048K)
 Metaspace       used 72063K, committed 72576K, reserved 1114112K
  class space    used 9597K, committed 9792K, reserved 1048576K
}
Event: 9.706 GC heap before
{Heap before GC invocations=30 (full 0):
 garbage-first heap   total 107520K, used 73988K [0x0000000080000000, 0x0000000100000000)
  region size 1024K, 16 young (16384K), 2 survivors (2048K)
 Metaspace       used 74019K, committed 74496K, reserved 1114112K
  class space    used 9767K, committed 9984K, reserved 1048576K
}
Event: 9.709 GC heap after
{Heap after GC invocations=31 (full 0):
 garbage-first heap   total 129024K, used 62558K [0x0000000080000000, 0x0000000100000000)
  region size 1024K, 2 young (2048K), 2 survivors (2048K)
 Metaspace       used 74019K, committed 74496K, reserved 1114112K
  class space    used 9767K, committed 9984K, reserved 1048576K
}
Event: 10.361 GC heap before
{Heap before GC invocations=31 (full 0):
 garbage-first heap   total 129024K, used 99422K [0x0000000080000000, 0x0000000100000000)
  region size 1024K, 38 young (38912K), 2 survivors (2048K)
 Metaspace       used 79041K, committed 79488K, reserved 1122304K
  class space    used 10364K, committed 10560K, reserved 1048576K
}
Event: 10.364 GC heap after
{Heap after GC invocations=32 (full 0):
 garbage-first heap   total 129024K, used 64076K [0x0000000080000000, 0x0000000100000000)
  region size 1024K, 4 young (4096K), 4 survivors (4096K)
 Metaspace       used 79041K, committed 79488K, reserved 1122304K
  class space    used 10364K, committed 10560K, reserved 1048576K
}
Event: 10.831 GC heap before
{Heap before GC invocations=33 (full 0):
 garbage-first heap   total 129024K, used 100940K [0x0000000080000000, 0x0000000100000000)
  region size 1024K, 39 young (39936K), 4 survivors (4096K)
 Metaspace       used 82159K, committed 82688K, reserved 1122304K
  class space    used 10772K, committed 11008K, reserved 1048576K
}
Event: 10.834 GC heap after
{Heap after GC invocations=34 (full 0):
 garbage-first heap   total 129024K, used 65835K [0x0000000080000000, 0x0000000100000000)
  region size 1024K, 4 young (4096K), 4 survivors (4096K)
 Metaspace       used 82159K, committed 82688K, reserved 1122304K
  class space    used 10772K, committed 11008K, reserved 1048576K
}
Event: 10.841 GC heap before
{Heap before GC invocations=34 (full 0):
 garbage-first heap   total 129024K, used 67883K [0x0000000080000000, 0x0000000100000000)
  region size 1024K, 6 young (6144K), 4 survivors (4096K)
 Metaspace       used 82161K, committed 82688K, reserved 1122304K
  class space    used 10772K, committed 11008K, reserved 1048576K
}
Event: 10.845 GC heap after
{Heap after GC invocations=35 (full 0):
 garbage-first heap   total 129024K, used 65996K [0x0000000080000000, 0x0000000100000000)
  region size 1024K, 1 young (1024K), 1 survivors (1024K)
 Metaspace       used 82161K, committed 82688K, reserved 1122304K
  class space    used 10772K, committed 11008K, reserved 1048576K
}
Event: 11.290 GC heap before
{Heap before GC invocations=35 (full 0):
 garbage-first heap   total 129024K, used 103884K [0x0000000080000000, 0x0000000100000000)
  region size 1024K, 38 young (38912K), 1 survivors (1024K)
 Metaspace       used 84563K, committed 85056K, reserved 1130496K
  class space    used 11033K, committed 11264K, reserved 1048576K
}
Event: 11.293 GC heap after
{Heap after GC invocations=36 (full 0):
 garbage-first heap   total 129024K, used 68677K [0x0000000080000000, 0x0000000100000000)
  region size 1024K, 4 young (4096K), 4 survivors (4096K)
 Metaspace       used 84563K, committed 85056K, reserved 1130496K
  class space    used 11033K, committed 11264K, reserved 1048576K
}

Dll operation events (2 events):
Event: 0.082 Loaded shared library D:\Applications\Android Studio\jbr\bin\java.dll
Event: 0.669 Loaded shared library D:\Applications\Android Studio\jbr\bin\verify.dll

Deoptimization events (20 events):
Event: 10.960 Thread 0x0000029faca64340 Uncommon trap: trap_request=0xffffffde fr.pc=0x0000029f9bd1f84c relative=0x000000000000012c
Event: 10.960 Thread 0x0000029faca64340 Uncommon trap: reason=class_check action=maybe_recompile pc=0x0000029f9bd1f84c method=java.util.ArrayList.hashCodeRange(II)I @ 53 c2
Event: 10.960 Thread 0x0000029faca64340 DEOPT PACKING pc=0x0000029f9bd1f84c sp=0x000000cd54cf4ce0
Event: 10.960 Thread 0x0000029faca64340 DEOPT UNPACKING pc=0x0000029f9b3869a3 sp=0x000000cd54cf4c40 mode 2
Event: 10.973 Thread 0x0000029faca64340 Uncommon trap: trap_request=0xffffffde fr.pc=0x0000029f9bd1f84c relative=0x000000000000012c
Event: 10.973 Thread 0x0000029faca64340 Uncommon trap: reason=class_check action=maybe_recompile pc=0x0000029f9bd1f84c method=java.util.ArrayList.hashCodeRange(II)I @ 53 c2
Event: 10.973 Thread 0x0000029faca64340 DEOPT PACKING pc=0x0000029f9bd1f84c sp=0x000000cd54cf4a50
Event: 10.973 Thread 0x0000029faca64340 DEOPT UNPACKING pc=0x0000029f9b3869a3 sp=0x000000cd54cf49b0 mode 2
Event: 10.995 Thread 0x0000029faca64340 Uncommon trap: trap_request=0xffffffc6 fr.pc=0x0000029f9bd4c398 relative=0x0000000000000078
Event: 10.995 Thread 0x0000029faca64340 Uncommon trap: reason=bimorphic_or_optimized_type_check action=maybe_recompile pc=0x0000029f9bd4c398 method=java.util.Collections$UnmodifiableCollection.size()I @ 4 c2
Event: 10.995 Thread 0x0000029faca64340 DEOPT PACKING pc=0x0000029f9bd4c398 sp=0x000000cd54cf3d60
Event: 10.995 Thread 0x0000029faca64340 DEOPT UNPACKING pc=0x0000029f9b3869a3 sp=0x000000cd54cf3ce8 mode 2
Event: 10.995 Thread 0x0000029faca64340 Uncommon trap: trap_request=0xffffffc6 fr.pc=0x0000029f9bd4c398 relative=0x0000000000000078
Event: 10.995 Thread 0x0000029faca64340 Uncommon trap: reason=bimorphic_or_optimized_type_check action=maybe_recompile pc=0x0000029f9bd4c398 method=java.util.Collections$UnmodifiableCollection.size()I @ 4 c2
Event: 10.995 Thread 0x0000029faca64340 DEOPT PACKING pc=0x0000029f9bd4c398 sp=0x000000cd54cf4140
Event: 10.995 Thread 0x0000029faca64340 DEOPT UNPACKING pc=0x0000029f9b3869a3 sp=0x000000cd54cf40d0 mode 2
Event: 11.301 Thread 0x0000029faca64340 DEOPT PACKING pc=0x0000029f9439ac54 sp=0x000000cd54cf3570
Event: 11.301 Thread 0x0000029faca64340 DEOPT UNPACKING pc=0x0000029f9b387143 sp=0x000000cd54cf2ac8 mode 0
Event: 11.336 Thread 0x0000029faca64340 DEOPT PACKING pc=0x0000029f9439ac54 sp=0x000000cd54cf34e0
Event: 11.336 Thread 0x0000029faca64340 DEOPT UNPACKING pc=0x0000029f9b387143 sp=0x000000cd54cf2a38 mode 0

Classes unloaded (0 events):
No events

Classes redefined (0 events):
No events

Internal exceptions (20 events):
Event: 6.237 Thread 0x0000029faca64340 Exception <a 'java/lang/NoSuchMethodError'{0x0000000082eecb30}: 'int java.lang.invoke.DelegatingMethodHandle$Holder.reinvoke_L(java.lang.Object, java.lang.Object, java.lang.Object, long, long, long)'> (0x0000000082eecb30) 
thrown [s\src\hotspot\share\interpreter\linkResolver.cpp, line 771]
Event: 6.238 Thread 0x0000029faca64340 Exception <a 'java/lang/NoSuchMethodError'{0x0000000082efc760}: 'int java.lang.invoke.DelegatingMethodHandle$Holder.reinvoke_L(java.lang.Object, java.lang.Object, java.lang.Object, long, java.lang.Object, java.lang.Object)'> (0x0000000082efc760) 
thrown [s\src\hotspot\share\interpreter\linkResolver.cpp, line 771]
Event: 6.242 Thread 0x0000029faca64340 Exception <a 'java/lang/NoSuchMethodError'{0x000000008f70c688}: 'void java.lang.invoke.DelegatingMethodHandle$Holder.reinvoke_L(java.lang.Object, java.lang.Object, java.lang.Object, long, java.lang.Object)'> (0x000000008f70c688) 
thrown [s\src\hotspot\share\interpreter\linkResolver.cpp, line 771]
Event: 6.243 Thread 0x0000029faca64340 Exception <a 'java/lang/NoSuchMethodError'{0x000000008f714a68}: 'java.lang.Object java.lang.invoke.DirectMethodHandle$Holder.invokeSpecial(java.lang.Object, java.lang.Object, java.lang.Object, java.lang.Object, long)'> (0x000000008f714a68) 
thrown [s\src\hotspot\share\interpreter\linkResolver.cpp, line 771]
Event: 6.246 Thread 0x0000029faca64340 Exception <a 'java/lang/NoSuchMethodError'{0x000000008f737fb8}: 'long java.lang.invoke.Invokers$Holder.invoke_MT(java.lang.Object, java.lang.Object, java.lang.Object, java.lang.Object)'> (0x000000008f737fb8) 
thrown [s\src\hotspot\share\interpreter\linkResolver.cpp, line 771]
Event: 6.247 Thread 0x0000029faca64340 Exception <a 'java/lang/NoSuchMethodError'{0x000000008f740e10}: 'int java.lang.invoke.Invokers$Holder.invoke_MT(java.lang.Object, java.lang.Object, java.lang.Object, java.lang.Object)'> (0x000000008f740e10) 
thrown [s\src\hotspot\share\interpreter\linkResolver.cpp, line 771]
Event: 6.248 Thread 0x0000029faca64340 Exception <a 'java/lang/NoSuchMethodError'{0x000000008f751bb0}: 'int java.lang.invoke.DelegatingMethodHandle$Holder.reinvoke_L(java.lang.Object, java.lang.Object, java.lang.Object, long, int)'> (0x000000008f751bb0) 
thrown [s\src\hotspot\share\interpreter\linkResolver.cpp, line 771]
Event: 6.250 Thread 0x0000029faca64340 Exception <a 'java/lang/NoSuchMethodError'{0x000000008f766148}: 'java.lang.Object java.lang.invoke.Invokers$Holder.invokeExact_MT(java.lang.Object, java.lang.Object, long, java.lang.Object)'> (0x000000008f766148) 
thrown [s\src\hotspot\share\interpreter\linkResolver.cpp, line 771]
Event: 7.373 Thread 0x0000029faca64340 Exception <a 'java/lang/NoSuchMethodError'{0x000000008311a438}: 'long java.lang.invoke.DirectMethodHandle$Holder.invokeStatic(java.lang.Object)'> (0x000000008311a438) 
thrown [s\src\hotspot\share\interpreter\linkResolver.cpp, line 771]
Event: 7.374 Thread 0x0000029faca64340 Exception <a 'java/lang/NoSuchMethodError'{0x000000008311f020}: 'long java.lang.invoke.DirectMethodHandle$Holder.invokeStaticInit(java.lang.Object)'> (0x000000008311f020) 
thrown [s\src\hotspot\share\interpreter\linkResolver.cpp, line 771]
Event: 7.569 Thread 0x0000029faca64340 Implicit null exception at 0x0000029f9bc3cd8c to 0x0000029f9bc3cebe
Event: 7.897 Thread 0x0000029faca64340 Exception <a 'java/lang/NoSuchMethodError'{0x000000008f73dac0}: 'void java.lang.invoke.DirectMethodHandle$Holder.invokeVirtual(java.lang.Object, java.lang.Object)'> (0x000000008f73dac0) 
thrown [s\src\hotspot\share\interpreter\linkResolver.cpp, line 771]
Event: 8.139 Thread 0x0000029faca64340 Exception <a 'java/lang/NoSuchMethodError'{0x000000008362e908}: 'java.lang.Object java.lang.invoke.Invokers$Holder.invoke_MT(java.lang.Object, java.lang.Object, java.lang.Object)'> (0x000000008362e908) 
thrown [s\src\hotspot\share\interpreter\linkResolver.cpp, line 771]
Event: 8.376 Thread 0x0000029faca64340 Implicit null exception at 0x0000029f9bd1c4d2 to 0x0000029f9bd1e490
Event: 9.971 Thread 0x0000029faca64340 Implicit null exception at 0x0000029f9bc193ec to 0x0000029f9bc19494
Event: 10.307 Thread 0x0000029faca64340 Exception <a 'java/lang/NoSuchMethodError'{0x0000000085c4d8a0}: 'java.lang.Object java.lang.invoke.DirectMethodHandle$Holder.newInvokeSpecial(java.lang.Object, java.lang.Object, int)'> (0x0000000085c4d8a0) 
thrown [s\src\hotspot\share\interpreter\linkResolver.cpp, line 771]
Event: 10.515 Thread 0x0000029faca64340 Exception <a 'java/lang/NoSuchMethodError'{0x000000008c61cb30}: 'java.lang.Object java.lang.invoke.DirectMethodHandle$Holder.invokeStatic(java.lang.Object, java.lang.Object, java.lang.Object, java.lang.Object, int)'> (0x000000008c61cb30) 
thrown [s\src\hotspot\share\interpreter\linkResolver.cpp, line 771]
Event: 10.515 Thread 0x0000029faca64340 Exception <a 'java/lang/NoSuchMethodError'{0x000000008c627ab0}: 'java.lang.Object java.lang.invoke.DirectMethodHandle$Holder.newInvokeSpecial(java.lang.Object, java.lang.Object, java.lang.Object, java.lang.Object, int)'> (0x000000008c627ab0) 
thrown [s\src\hotspot\share\interpreter\linkResolver.cpp, line 771]
Event: 10.515 Thread 0x0000029faca64340 Exception <a 'java/lang/NoSuchMethodError'{0x000000008c62d878}: 'java.lang.Object java.lang.invoke.DirectMethodHandle$Holder.invokeSpecial(java.lang.Object, java.lang.Object, java.lang.Object, java.lang.Object, java.lang.Object, int)'> (0x000000008c62d878) 
thrown [s\src\hotspot\share\interpreter\linkResolver.cpp, line 771]
Event: 10.516 Thread 0x0000029faca64340 Exception <a 'java/lang/NoSuchMethodError'{0x000000008c632ff0}: 'java.lang.Object java.lang.invoke.Invokers$Holder.linkToTargetMethod(java.lang.Object, java.lang.Object, java.lang.Object, int, java.lang.Object)'> (0x000000008c632ff0) 
thrown [s\src\hotspot\share\interpreter\linkResolver.cpp, line 771]

VM Operations (20 events):
Event: 10.394 Executing VM operation: G1Concurrent
Event: 10.397 Executing VM operation: G1Concurrent done
Event: 10.406 Executing VM operation: G1Concurrent
Event: 10.407 Executing VM operation: G1Concurrent done
Event: 10.490 Executing VM operation: HandshakeAllThreads
Event: 10.490 Executing VM operation: HandshakeAllThreads done
Event: 10.495 Executing VM operation: HandshakeAllThreads
Event: 10.495 Executing VM operation: HandshakeAllThreads done
Event: 10.514 Executing VM operation: HandshakeAllThreads
Event: 10.514 Executing VM operation: HandshakeAllThreads done
Event: 10.830 Executing VM operation: G1CollectForAllocation
Event: 10.834 Executing VM operation: G1CollectForAllocation done
Event: 10.840 Executing VM operation: G1CollectForAllocation
Event: 10.845 Executing VM operation: G1CollectForAllocation done
Event: 11.290 Executing VM operation: G1CollectForAllocation
Event: 11.293 Executing VM operation: G1CollectForAllocation done
Event: 11.326 Executing VM operation: G1Concurrent
Event: 11.329 Executing VM operation: G1Concurrent done
Event: 11.339 Executing VM operation: G1Concurrent
Event: 11.340 Executing VM operation: G1Concurrent done

Events (20 events):
Event: 9.929 Thread 0x0000029fac0c1fc0 flushing nmethod 0x0000029f94944b10
Event: 9.929 Thread 0x0000029fac0c1fc0 flushing nmethod 0x0000029f94973710
Event: 9.929 Thread 0x0000029fac0c1fc0 flushing nmethod 0x0000029f94996710
Event: 9.929 Thread 0x0000029fac0c1fc0 flushing nmethod 0x0000029f9499d810
Event: 9.930 loading class java/util/ArrayList$ListItr
Event: 9.931 loading class java/util/ArrayList$ListItr done
Event: 10.164 loading class java/text/StringCharacterIterator
Event: 10.164 loading class java/text/CharacterIterator
Event: 10.165 loading class java/text/CharacterIterator done
Event: 10.165 loading class java/text/StringCharacterIterator done
Event: 10.211 loading class java/io/NotSerializableException
Event: 10.211 loading class java/io/NotSerializableException done
Event: 10.451 loading class java/util/function/IntUnaryOperator
Event: 10.451 loading class java/util/function/IntUnaryOperator done
Event: 10.493 loading class java/util/AbstractList$SubList
Event: 10.493 loading class java/util/AbstractList$SubList done
Event: 10.494 loading class java/util/AbstractList$SubList$1
Event: 10.494 loading class java/util/AbstractList$SubList$1 done
Event: 10.494 loading class java/util/AbstractList$ListItr
Event: 10.494 loading class java/util/AbstractList$ListItr done


Dynamic libraries:
0x00007ff6c0240000 - 0x00007ff6c024a000 	D:\Applications\Android Studio\jbr\bin\java.exe
0x00007ffd178f0000 - 0x00007ffd17b07000 	C:\Windows\SYSTEM32\ntdll.dll
0x00007ffd17180000 - 0x00007ffd17244000 	C:\Windows\System32\KERNEL32.DLL
0x00007ffd14ca0000 - 0x00007ffd15046000 	C:\Windows\System32\KERNELBASE.dll
0x00007ffd151e0000 - 0x00007ffd152f1000 	C:\Windows\System32\ucrtbase.dll
0x00007ffd01970000 - 0x00007ffd01987000 	D:\Applications\Android Studio\jbr\bin\jli.dll
0x00007ffd17290000 - 0x00007ffd1743d000 	C:\Windows\System32\USER32.dll
0x00007ffd04b60000 - 0x00007ffd04df3000 	C:\Windows\WinSxS\amd64_microsoft.windows.common-controls_6595b64144ccf1df_6.0.22621.2361_none_2712ced57382f843\COMCTL32.dll
0x00007ffd14c70000 - 0x00007ffd14c96000 	C:\Windows\System32\win32u.dll
0x00007ffcea6d0000 - 0x00007ffcea6eb000 	D:\Applications\Android Studio\jbr\bin\VCRUNTIME140.dll
0x00007ffd17250000 - 0x00007ffd17279000 	C:\Windows\System32\GDI32.dll
0x00007ffd17610000 - 0x00007ffd176b7000 	C:\Windows\System32\msvcrt.dll
0x00007ffd15470000 - 0x00007ffd15588000 	C:\Windows\System32\gdi32full.dll
0x00007ffd15050000 - 0x00007ffd150ea000 	C:\Windows\System32\msvcp_win.dll
0x00007ffd174b0000 - 0x00007ffd174e1000 	C:\Windows\System32\IMM32.DLL
0x00007ffcf9ec0000 - 0x00007ffcf9ecc000 	D:\Applications\Android Studio\jbr\bin\vcruntime140_1.dll
0x00007ffcc3f70000 - 0x00007ffcc3ffd000 	D:\Applications\Android Studio\jbr\bin\msvcp140.dll
0x00007ffcbbba0000 - 0x00007ffcbc80e000 	D:\Applications\Android Studio\jbr\bin\server\jvm.dll
0x00007ffd15f10000 - 0x00007ffd15fc0000 	C:\Windows\System32\ADVAPI32.dll
0x00007ffd159e0000 - 0x00007ffd15a86000 	C:\Windows\System32\sechost.dll
0x00007ffd174f0000 - 0x00007ffd17607000 	C:\Windows\System32\RPCRT4.dll
0x00007ffd0ed70000 - 0x00007ffd0eda4000 	C:\Windows\SYSTEM32\WINMM.dll
0x00007ffd0ed20000 - 0x00007ffd0ed2a000 	C:\Windows\SYSTEM32\VERSION.dll
0x00007ffd0edd0000 - 0x00007ffd0edd9000 	C:\Windows\SYSTEM32\WSOCK32.dll
0x00007ffd15fc0000 - 0x00007ffd16031000 	C:\Windows\System32\WS2_32.dll
0x00007ffd13c50000 - 0x00007ffd13c68000 	C:\Windows\SYSTEM32\kernel.appcore.dll
0x00007ffd0e200000 - 0x00007ffd0e20a000 	D:\Applications\Android Studio\jbr\bin\jimage.dll
0x00007ffd0c3b0000 - 0x00007ffd0c5de000 	C:\Windows\SYSTEM32\DBGHELP.DLL
0x00007ffd15650000 - 0x00007ffd159da000 	C:\Windows\System32\combase.dll
0x00007ffd16bf0000 - 0x00007ffd16cc7000 	C:\Windows\System32\OLEAUT32.dll
0x00007ffcfe4a0000 - 0x00007ffcfe4d2000 	C:\Windows\SYSTEM32\dbgcore.DLL
0x00007ffd15160000 - 0x00007ffd151da000 	C:\Windows\System32\bcryptPrimitives.dll
0x00007ffd02a80000 - 0x00007ffd02aa5000 	D:\Applications\Android Studio\jbr\bin\java.dll
0x00007ffd09550000 - 0x00007ffd09568000 	D:\Applications\Android Studio\jbr\bin\zip.dll
0x00007ffd160c0000 - 0x00007ffd16918000 	C:\Windows\System32\SHELL32.dll
0x00007ffd12bd0000 - 0x00007ffd134c2000 	C:\Windows\SYSTEM32\windows.storage.dll
0x00007ffd12a90000 - 0x00007ffd12bce000 	C:\Windows\SYSTEM32\wintypes.dll
0x00007ffd176c0000 - 0x00007ffd177b3000 	C:\Windows\System32\SHCORE.dll
0x00007ffd16f50000 - 0x00007ffd16fae000 	C:\Windows\System32\shlwapi.dll
0x00007ffd14ba0000 - 0x00007ffd14bc6000 	C:\Windows\SYSTEM32\profapi.dll
0x00007ffd06800000 - 0x00007ffd06819000 	D:\Applications\Android Studio\jbr\bin\net.dll
0x00007ffd0dfa0000 - 0x00007ffd0e0d7000 	C:\Windows\SYSTEM32\WINHTTP.dll
0x00007ffd14130000 - 0x00007ffd14199000 	C:\Windows\system32\mswsock.dll
0x00007ffd058a0000 - 0x00007ffd058b6000 	D:\Applications\Android Studio\jbr\bin\nio.dll
0x00007ffd05d80000 - 0x00007ffd05d90000 	D:\Applications\Android Studio\jbr\bin\verify.dll
0x00007ffce9670000 - 0x00007ffce9697000 	C:\Users\alina\.gradle\native\68d5fa5c4cc2d200863cafc0d521ce42e7d3e7ee720ec0a83991735586a16f82\windows-amd64\native-platform.dll
0x00007ffcbfa90000 - 0x00007ffcbfbd4000 	C:\Users\alina\.gradle\native\e376f236ea51e6404a007f0833ffe2c6e607c4080706a723a18a27aeea778392\windows-amd64\native-platform-file-events.dll
0x00007ffd02a30000 - 0x00007ffd02a39000 	D:\Applications\Android Studio\jbr\bin\management.dll
0x00007ffd015c0000 - 0x00007ffd015cb000 	D:\Applications\Android Studio\jbr\bin\management_ext.dll
0x00007ffd17170000 - 0x00007ffd17178000 	C:\Windows\System32\PSAPI.DLL
0x00007ffd14380000 - 0x00007ffd1439b000 	C:\Windows\SYSTEM32\CRYPTSP.dll
0x00007ffd13c10000 - 0x00007ffd13c45000 	C:\Windows\system32\rsaenh.dll
0x00007ffd14220000 - 0x00007ffd1424c000 	C:\Windows\SYSTEM32\USERENV.dll
0x00007ffd14520000 - 0x00007ffd14548000 	C:\Windows\SYSTEM32\bcrypt.dll
0x00007ffd143a0000 - 0x00007ffd143ac000 	C:\Windows\SYSTEM32\CRYPTBASE.dll
0x00007ffd13730000 - 0x00007ffd1375d000 	C:\Windows\SYSTEM32\IPHLPAPI.DLL
0x00007ffd16ac0000 - 0x00007ffd16ac9000 	C:\Windows\System32\NSI.dll
0x00007ffd0ed50000 - 0x00007ffd0ed69000 	C:\Windows\SYSTEM32\dhcpcsvc6.DLL
0x00007ffd0ed30000 - 0x00007ffd0ed4f000 	C:\Windows\SYSTEM32\dhcpcsvc.DLL
0x00007ffd137a0000 - 0x00007ffd13899000 	C:\Windows\SYSTEM32\DNSAPI.dll
0x00007ffd00d20000 - 0x00007ffd00d28000 	C:\Windows\system32\wshunix.dll

dbghelp: loaded successfully - version: 4.0.5 - missing functions: none
symbol engine: initialized successfully - sym options: 0x614 - pdb path: .;D:\Applications\Android Studio\jbr\bin;C:\Windows\SYSTEM32;C:\Windows\WinSxS\amd64_microsoft.windows.common-controls_6595b64144ccf1df_6.0.22621.2361_none_2712ced57382f843;D:\Applications\Android Studio\jbr\bin\server;C:\Users\alina\.gradle\native\68d5fa5c4cc2d200863cafc0d521ce42e7d3e7ee720ec0a83991735586a16f82\windows-amd64;C:\Users\alina\.gradle\native\e376f236ea51e6404a007f0833ffe2c6e607c4080706a723a18a27aeea778392\windows-amd64

VM Arguments:
jvm_args: --add-opens=java.base/java.util=ALL-UNNAMED --add-opens=java.base/java.lang=ALL-UNNAMED --add-opens=java.base/java.lang.invoke=ALL-UNNAMED --add-opens=java.prefs/java.util.prefs=ALL-UNNAMED --add-opens=java.base/java.nio.charset=ALL-UNNAMED --add-opens=java.base/java.net=ALL-UNNAMED --add-opens=java.base/java.util.concurrent.atomic=ALL-UNNAMED -Xmx2048m -Dfile.encoding=UTF-8 -Duser.country=RU -Duser.language=ru -Duser.variant 
java_command: org.gradle.launcher.daemon.bootstrap.GradleDaemon 8.0
java_class_path (initial): C:\Users\alina\.gradle\wrapper\dists\gradle-8.0-bin\ca5e32bp14vu59qr306oxotwh\gradle-8.0\lib\gradle-launcher-8.0.jar
Launcher Type: SUN_STANDARD

[Global flags]
     intx CICompilerCount                          = 12                                        {product} {ergonomic}
     uint ConcGCThreads                            = 3                                         {product} {ergonomic}
     uint G1ConcRefinementThreads                  = 13                                        {product} {ergonomic}
   size_t G1HeapRegionSize                         = 1048576                                   {product} {ergonomic}
    uintx GCDrainStackTargetSize                   = 64                                        {product} {ergonomic}
   size_t InitialHeapSize                          = 260046848                                 {product} {ergonomic}
   size_t MarkStackSize                            = 4194304                                   {product} {ergonomic}
   size_t MaxHeapSize                              = 2147483648                                {product} {command line}
   size_t MaxNewSize                               = 1287651328                                {product} {ergonomic}
   size_t MinHeapDeltaBytes                        = 1048576                                   {product} {ergonomic}
   size_t MinHeapSize                              = 8388608                                   {product} {ergonomic}
    uintx NonNMethodCodeHeapSize                   = 7602480                                {pd product} {ergonomic}
    uintx NonProfiledCodeHeapSize                  = 122027880                              {pd product} {ergonomic}
    uintx ProfiledCodeHeapSize                     = 122027880                              {pd product} {ergonomic}
    uintx ReservedCodeCacheSize                    = 251658240                              {pd product} {ergonomic}
     bool SegmentedCodeCache                       = true                                      {product} {ergonomic}
   size_t SoftMaxHeapSize                          = 2147483648                             {manageable} {ergonomic}
     bool UseCompressedClassPointers               = true                           {product lp64_product} {ergonomic}
     bool UseCompressedOops                        = true                           {product lp64_product} {ergonomic}
     bool UseG1GC                                  = true                                      {product} {ergonomic}
     bool UseLargePagesIndividualAllocation        = false                                  {pd product} {ergonomic}

Logging:
Log output configuration:
 #0: stdout all=warning uptime,level,tags
 #1: stderr all=off uptime,level,tags

Environment Variables:
PATH=C:\Program Files (x86)\Common Files\Oracle\Java\javapath;C:\Windows\system32;C:\Windows;C:\Windows\System32\Wbem;C:\Windows\System32\WindowsPowerShell\v1.0\;C:\Windows\System32\OpenSSH\;C:\Program Files (x86)\NVIDIA Corporation\PhysX\Common;C:\Program Files\NVIDIA Corporation\NVIDIA NvDLISR;C:\Program Files\Microsoft SQL Server\150\Tools\Binn\;C:\Program Files\Microsoft SQL Server\Client SDK\ODBC\170\Tools\Binn\;C:\Program Files\dotnet\;C:\Program Files (x86)\Microsoft SQL Server\160\Tools\Binn\;C:\Program Files\Microsoft SQL Server\160\Tools\Binn\;C:\Program Files\Microsoft SQL Server\160\DTS\Binn\;C:\Program Files (x86)\Microsoft SQL Server\160\DTS\Binn\;C:\Program Files\Azure Data Studio\bin;D:\Applications\Visual Studio Code\Microsoft VS Code\bin;C:\Users\alina\AppData\Local\Programs\Python\Launcher\;C:\Users\alina\AppData\Local\Microsoft\WindowsApps;C:\Users\alina\.dotnet\tools;C:\Program Files\Azure Data Studio\bin
USERNAME=alina
OS=Windows_NT
PROCESSOR_IDENTIFIER=AMD64 Family 23 Model 96 Stepping 1, AuthenticAMD
TMP=C:\Users\alina\AppData\Local\Temp
TEMP=C:\Users\alina\AppData\Local\Temp


JNI global refs:
JNI global refs: 34, weak refs: 40

JNI global refs memory usage: 843, weak refs: 841


---------------  S Y S T E M  ---------------

OS:
 Windows 11 , 64 bit Build 22621 (10.0.22621.2428)
OS uptime: 11 days 6:36 hours

CPU: total 16 (initial active 16) (16 cores per cpu, 2 threads per core) family 23 model 96 stepping 1 microcode 0x0, cx8, cmov, fxsr, ht, mmx, 3dnowpref, sse, sse2, sse3, ssse3, sse4a, sse4.1, sse4.2, popcnt, lzcnt, tsc, tscinvbit, avx, avx2, aes, clmul, bmi1, bmi2, adx, sha, fma, vzeroupper, clflush, clflushopt

Memory: 4k page, system-wide physical 15789M (219M free)
TotalPageFile size 34328M (AvailPageFile size 48M)
current process WorkingSet (physical memory assigned to process): 334M, peak: 334M
current process commit charge ("private bytes"): 384M, peak: 401M

vm_info: OpenJDK 64-Bit Server VM (17.0.6+0-b2043.56-10027231) for windows-amd64 JRE (17.0.6+0-b2043.56-10027231), built on Apr 28 2023 00:43:19 by "androidbuild" with MS VC++ 16.10 / 16.11 (VS2019)

END.
